<?xml version="1.0" encoding="UTF-8"?>
<!-- Generated by org.testng.reporters.JUnitReportReporter -->
<testsuite name="testCases.VerifyLogin" tests="5" time="65.457" ignored="0" failures="0" timestamp="05 Nov 2018 18:54:07 GMT" skipped="0" hostname="LAPTOP-I1QLEPR5" errors="0">
  <testcase name="verifyLogin" time="2.288" classname="testCases.VerifyLogin"/>
  <testcase name="verifyLogin" time="30.647" classname="testCases.VerifyLogin"/>
  <testcase name="verifyLoginPage" time="0.262" classname="testCases.VerifyLogin"/>
  <testcase name="verifyLogin" time="31.283" classname="testCases.VerifyLogin"/>
  <testcase name="verifyLinks" time="0.977" classname="testCases.VerifyLogin"/>
</testsuite> <!-- testCases.VerifyLogin -->
